2020-10-06 00:34:53.220  INFO 7376 --- [restartedMain] com.example.demo.TeacherapiApplication   : Starting TeacherapiApplication on DESKTOP-IUTOF0K with PID 7376 (C:\Users\pc\eclipse-workspace\TEACHERAPI\target\classes started by pc in C:\Users\pc\eclipse-workspace\TEACHERAPI)
2020-10-06 00:34:53.229  INFO 7376 --- [restartedMain] com.example.demo.TeacherapiApplication   : No active profile set, falling back to default profiles: default
2020-10-06 00:34:53.329  INFO 7376 --- [restartedMain] .e.DevToolsPropertyDefaultsPostProcessor : Devtools property defaults active! Set 'spring.devtools.add-properties' to 'false' to disable
2020-10-06 00:34:53.329  INFO 7376 --- [restartedMain] .e.DevToolsPropertyDefaultsPostProcessor : For additional web related logging consider setting the 'logging.level.web' property to 'DEBUG'
2020-10-06 00:34:54.673  INFO 7376 --- [restartedMain] .s.d.r.c.RepositoryConfigurationDelegate : Bootstrapping Spring Data JPA repositories in DEFERRED mode.
2020-10-06 00:34:54.746  INFO 7376 --- [restartedMain] .s.d.r.c.RepositoryConfigurationDelegate : Finished Spring Data repository scanning in 64ms. Found 1 JPA repository interfaces.
2020-10-06 00:34:55.103  INFO 7376 --- [restartedMain] trationDelegate$BeanPostProcessorChecker : Bean 'org.springframework.ws.config.annotation.DelegatingWsConfiguration' of type [org.springframework.ws.config.annotation.DelegatingWsConfiguration$$EnhancerBySpringCGLIB$$c6f78803] is not eligible for getting processed by all BeanPostProcessors (for example: not eligible for auto-proxying)
2020-10-06 00:34:55.157  INFO 7376 --- [restartedMain] .w.s.a.s.AnnotationActionEndpointMapping : Supporting [WS-Addressing August 2004, WS-Addressing 1.0]
2020-10-06 00:34:55.636  INFO 7376 --- [restartedMain] o.s.b.w.embedded.tomcat.TomcatWebServer  : Tomcat initialized with port(s): 8080 (http)
2020-10-06 00:34:55.655  INFO 7376 --- [restartedMain] o.apache.catalina.core.StandardService   : Starting service [Tomcat]
2020-10-06 00:34:55.655  INFO 7376 --- [restartedMain] org.apache.catalina.core.StandardEngine  : Starting Servlet engine: [Apache Tomcat/9.0.37]
2020-10-06 00:34:55.852  INFO 7376 --- [restartedMain] o.a.c.c.C.[.[localhost].[/intern]        : Initializing Spring embedded WebApplicationContext
2020-10-06 00:34:55.853  INFO 7376 --- [restartedMain] w.s.c.ServletWebServerApplicationContext : Root WebApplicationContext: initialization completed in 2490 ms
2020-10-06 00:34:56.167  INFO 7376 --- [restartedMain] o.s.s.concurrent.ThreadPoolTaskExecutor  : Initializing ExecutorService 'applicationTaskExecutor'
2020-10-06 00:34:56.224  INFO 7376 --- [task-1] o.hibernate.jpa.internal.util.LogHelper  : HHH000204: Processing PersistenceUnitInfo [name: default]
2020-10-06 00:34:56.289  INFO 7376 --- [task-1] org.hibernate.Version                    : HHH000412: Hibernate ORM core version 5.4.20.Final
2020-10-06 00:34:56.590  INFO 7376 --- [task-1] o.hibernate.annotations.common.Version   : HCANN000001: Hibernate Commons Annotations {5.1.0.Final}
2020-10-06 00:34:56.913  INFO 7376 --- [task-1] com.zaxxer.hikari.HikariDataSource       : HikariPool-1 - Starting...
2020-10-06 00:34:58.490  INFO 7376 --- [task-1] com.zaxxer.hikari.HikariDataSource       : HikariPool-1 - Start completed.
2020-10-06 00:34:58.623  INFO 7376 --- [task-1] org.hibernate.dialect.Dialect            : HHH000400: Using dialect: org.hibernate.dialect.MySQL8Dialect
2020-10-06 00:35:01.340  INFO 7376 --- [task-1] o.h.e.t.j.p.i.JtaPlatformInitiator       : HHH000490: Using JtaPlatform implementation: [org.hibernate.engine.transaction.jta.platform.internal.NoJtaPlatform]
2020-10-06 00:35:01.384  INFO 7376 --- [task-1] j.LocalContainerEntityManagerFactoryBean : Initialized JPA EntityManagerFactory for persistence unit 'default'
2020-10-06 00:35:02.098  INFO 7376 --- [task-2] o.s.b.d.a.OptionalLiveReloadServer       : LiveReload server is running on port 35729
2020-10-06 00:35:02.583  WARN 7376 --- [restartedMain] JpaBaseConfiguration$JpaWebConfiguration : spring.jpa.open-in-view is enabled by default. Therefore, database queries may be performed during view rendering. Explicitly configure spring.jpa.open-in-view to disable this warning
2020-10-06 00:35:03.739  WARN 7376 --- [restartedMain] ConfigServletWebServerApplicationContext : Exception encountered during context initialization - cancelling refresh attempt: org.springframework.context.ApplicationContextException: Failed to start bean 'webServerStartStop'; nested exception is org.springframework.boot.web.server.PortInUseException: Port 8080 is already in use
2020-10-06 00:35:03.744  INFO 7376 --- [restartedMain] j.LocalContainerEntityManagerFactoryBean : Closing JPA EntityManagerFactory for persistence unit 'default'
2020-10-06 00:35:03.748  INFO 7376 --- [restartedMain] o.s.s.concurrent.ThreadPoolTaskExecutor  : Shutting down ExecutorService 'applicationTaskExecutor'
2020-10-06 00:35:03.754  INFO 7376 --- [restartedMain] com.zaxxer.hikari.HikariDataSource       : HikariPool-1 - Shutdown initiated...
2020-10-06 00:35:03.786  INFO 7376 --- [restartedMain] com.zaxxer.hikari.HikariDataSource       : HikariPool-1 - Shutdown completed.
2020-10-06 00:35:03.793  INFO 7376 --- [restartedMain] o.apache.catalina.core.StandardService   : Stopping service [Tomcat]
2020-10-06 00:35:03.826  INFO 7376 --- [restartedMain] ConditionEvaluationReportLoggingListener : 

Error starting ApplicationContext. To display the conditions report re-run your application with 'debug' enabled.
2020-10-06 00:35:03.837 ERROR 7376 --- [restartedMain] o.s.b.d.LoggingFailureAnalysisReporter   : 

***************************
APPLICATION FAILED TO START
***************************

Description:

Web server failed to start. Port 8080 was already in use.

Action:

Identify and stop the process that's listening on port 8080 or configure this application to listen on another port.

